<?xml version="1.0" encoding="UTF-8"?>
<!-- Generated by org.testng.reporters.JUnitXMLReporter -->
<testsuite hostname="Mitesh" ignored="0" name="home-office-visa-check-week-14" tests="3" failures="0" timestamp="2022-05-09T23:53:27 BST" time="18.591" errors="0">
  <testcase name="aChileanComingToTheUKForWorkAndPlansOnStayingForLongerThanSixMonths" time="2.159" classname="gov.uk.check.visa.testsuite.VisaConfirmationTest"/>
  <testcase name="aColumbianNationalComingToTheUKToJoinAPartnerForALongStayTheyDoHaveAnArticle10Or20Card" time="2.749" classname="gov.uk.check.visa.testsuite.VisaConfirmationTest"/>
  <testcase name="anAustralianComingToUKForTourism" time="2.063" classname="gov.uk.check.visa.testsuite.VisaConfirmationTest"/>
</testsuite> <!-- home-office-visa-check-week-14 -->
