<?xml version="1.0" encoding="UTF-8"?>
<testng-results skipped="0" failed="0" ignored="0" total="3" passed="3">
  <reporter-output>
  </reporter-output>
  <suite name="Default Suite" duration-ms="18591" started-at="2022-05-09T23:53:09 BST" finished-at="2022-05-09T23:53:27 BST">
    <groups>
    </groups>
    <test name="home-office-visa-check-week-14" duration-ms="18591" started-at="2022-05-09T23:53:09 BST" finished-at="2022-05-09T23:53:27 BST">
      <class name="gov.uk.check.visa.testsuite.VisaConfirmationTest">
        <test-method status="PASS" signature="setUp()[pri:0, instance:gov.uk.check.visa.testsuite.VisaConfirmationTest@48503868]" name="setUp" is-config="true" duration-ms="5393" started-at="2022-05-09T23:53:09 BST" finished-at="2022-05-09T23:53:14 BST">
          <reporter-output>
          </reporter-output>
        </test-method> <!-- setUp -->
        <test-method status="PASS" signature="inIt()[pri:0, instance:gov.uk.check.visa.testsuite.VisaConfirmationTest@48503868]" name="inIt" is-config="true" duration-ms="107" started-at="2022-05-09T23:53:14 BST" finished-at="2022-05-09T23:53:14 BST">
          <reporter-output>
          </reporter-output>
        </test-method> <!-- inIt -->
        <test-method status="PASS" signature="aChileanComingToTheUKForWorkAndPlansOnStayingForLongerThanSixMonths()[pri:0, instance:gov.uk.check.visa.testsuite.VisaConfirmationTest@48503868]" name="aChileanComingToTheUKForWorkAndPlansOnStayingForLongerThanSixMonths" duration-ms="2159" started-at="2022-05-09T23:53:14 BST" finished-at="2022-05-09T23:53:16 BST">
          <reporter-output>
          </reporter-output>
        </test-method> <!-- aChileanComingToTheUKForWorkAndPlansOnStayingForLongerThanSixMonths -->
        <test-method status="PASS" signature="tearDown()[pri:0, instance:gov.uk.check.visa.testsuite.VisaConfirmationTest@48503868]" name="tearDown" is-config="true" duration-ms="0" started-at="2022-05-09T23:53:16 BST" finished-at="2022-05-09T23:53:16 BST">
          <reporter-output>
          </reporter-output>
        </test-method> <!-- tearDown -->
        <test-method status="PASS" signature="setUp()[pri:0, instance:gov.uk.check.visa.testsuite.VisaConfirmationTest@48503868]" name="setUp" is-config="true" duration-ms="2796" started-at="2022-05-09T23:53:16 BST" finished-at="2022-05-09T23:53:19 BST">
          <reporter-output>
          </reporter-output>
        </test-method> <!-- setUp -->
        <test-method status="PASS" signature="inIt()[pri:0, instance:gov.uk.check.visa.testsuite.VisaConfirmationTest@48503868]" name="inIt" is-config="true" duration-ms="10" started-at="2022-05-09T23:53:19 BST" finished-at="2022-05-09T23:53:19 BST">
          <reporter-output>
          </reporter-output>
        </test-method> <!-- inIt -->
        <test-method status="PASS" signature="aColumbianNationalComingToTheUKToJoinAPartnerForALongStayTheyDoHaveAnArticle10Or20Card()[pri:0, instance:gov.uk.check.visa.testsuite.VisaConfirmationTest@48503868]" name="aColumbianNationalComingToTheUKToJoinAPartnerForALongStayTheyDoHaveAnArticle10Or20Card" duration-ms="2749" started-at="2022-05-09T23:53:19 BST" finished-at="2022-05-09T23:53:22 BST">
          <reporter-output>
          </reporter-output>
        </test-method> <!-- aColumbianNationalComingToTheUKToJoinAPartnerForALongStayTheyDoHaveAnArticle10Or20Card -->
        <test-method status="PASS" signature="tearDown()[pri:0, instance:gov.uk.check.visa.testsuite.VisaConfirmationTest@48503868]" name="tearDown" is-config="true" duration-ms="1" started-at="2022-05-09T23:53:22 BST" finished-at="2022-05-09T23:53:22 BST">
          <reporter-output>
          </reporter-output>
        </test-method> <!-- tearDown -->
        <test-method status="PASS" signature="setUp()[pri:0, instance:gov.uk.check.visa.testsuite.VisaConfirmationTest@48503868]" name="setUp" is-config="true" duration-ms="3179" started-at="2022-05-09T23:53:22 BST" finished-at="2022-05-09T23:53:25 BST">
          <reporter-output>
          </reporter-output>
        </test-method> <!-- setUp -->
        <test-method status="PASS" signature="inIt()[pri:0, instance:gov.uk.check.visa.testsuite.VisaConfirmationTest@48503868]" name="inIt" is-config="true" duration-ms="18" started-at="2022-05-09T23:53:25 BST" finished-at="2022-05-09T23:53:25 BST">
          <reporter-output>
          </reporter-output>
        </test-method> <!-- inIt -->
        <test-method status="PASS" signature="anAustralianComingToUKForTourism()[pri:0, instance:gov.uk.check.visa.testsuite.VisaConfirmationTest@48503868]" name="anAustralianComingToUKForTourism" duration-ms="2063" started-at="2022-05-09T23:53:25 BST" finished-at="2022-05-09T23:53:27 BST">
          <reporter-output>
          </reporter-output>
        </test-method> <!-- anAustralianComingToUKForTourism -->
        <test-method status="PASS" signature="tearDown()[pri:0, instance:gov.uk.check.visa.testsuite.VisaConfirmationTest@48503868]" name="tearDown" is-config="true" duration-ms="0" started-at="2022-05-09T23:53:27 BST" finished-at="2022-05-09T23:53:27 BST">
          <reporter-output>
          </reporter-output>
        </test-method> <!-- tearDown -->
      </class> <!-- gov.uk.check.visa.testsuite.VisaConfirmationTest -->
    </test> <!-- home-office-visa-check-week-14 -->
  </suite> <!-- Default Suite -->
</testng-results>
